<?xml version="1.0" encoding="UTF-8"?>
<testng-results ignored="0" total="4" passed="4" failed="0" skipped="0">
  <reporter-output>
  </reporter-output>
  <suite started-at="2025-04-08T18:01:00 IST" name="master" finished-at="2025-04-08T18:02:00 IST" duration-ms="59655">
    <groups>
    </groups>
    <test started-at="2025-04-08T18:01:00 IST" name="Test" finished-at="2025-04-08T18:02:00 IST" duration-ms="59655">
      <class name="testCases.TC003_DataProvideLogin">
        <test-method is-config="true" signature="setup(java.lang.String,java.lang.String)[pri:0, instance:testCases.TC003_DataProvideLogin@776aec5c]" started-at="2025-04-08T18:01:02 IST" name="setup" finished-at="2025-04-08T18:01:10 IST" duration-ms="7288" status="PASS">
          <params>
            <param index="0">
              <value>
                <![CDATA[windows]]>
              </value>
            </param>
            <param index="1">
              <value>
                <![CDATA[chrome]]>
              </value>
            </param>
          </params>
          <reporter-output>
          </reporter-output>
        </test-method> <!-- setup -->
        <test-method signature="dpLogin(java.lang.String,java.lang.String,java.lang.String)[pri:0, instance:testCases.TC003_DataProvideLogin@776aec5c]" started-at="2025-04-08T18:01:10 IST" name="dpLogin" data-provider="testdata" finished-at="2025-04-08T18:01:22 IST" duration-ms="11948" status="PASS">
          <params>
            <param index="0">
              <value>
                <![CDATA[pavanoltraining@gmail.com]]>
              </value>
            </param>
            <param index="1">
              <value>
                <![CDATA[test@123]]>
              </value>
            </param>
            <param index="2">
              <value>
                <![CDATA[Invalid]]>
              </value>
            </param>
          </params>
          <reporter-output>
          </reporter-output>
        </test-method> <!-- dpLogin -->
        <test-method is-config="true" signature="tearDown()[pri:0, instance:testCases.TC003_DataProvideLogin@776aec5c]" started-at="2025-04-08T18:01:22 IST" name="tearDown" finished-at="2025-04-08T18:01:22 IST" duration-ms="428" status="PASS">
          <reporter-output>
          </reporter-output>
        </test-method> <!-- tearDown -->
        <test-method is-config="true" signature="setup(java.lang.String,java.lang.String)[pri:0, instance:testCases.TC003_DataProvideLogin@776aec5c]" started-at="2025-04-08T18:01:22 IST" name="setup" finished-at="2025-04-08T18:01:29 IST" duration-ms="7010" status="PASS">
          <params>
            <param index="0">
              <value>
                <![CDATA[windows]]>
              </value>
            </param>
            <param index="1">
              <value>
                <![CDATA[chrome]]>
              </value>
            </param>
          </params>
          <reporter-output>
          </reporter-output>
        </test-method> <!-- setup -->
        <test-method signature="dpLogin(java.lang.String,java.lang.String,java.lang.String)[pri:0, instance:testCases.TC003_DataProvideLogin@776aec5c]" started-at="2025-04-08T18:01:29 IST" name="dpLogin" data-provider="testdata" finished-at="2025-04-08T18:01:32 IST" duration-ms="2614" status="PASS">
          <params>
            <param index="0">
              <value>
                <![CDATA[lakshmi@yahoo.com]]>
              </value>
            </param>
            <param index="1">
              <value>
                <![CDATA[Laxmi]]>
              </value>
            </param>
            <param index="2">
              <value>
                <![CDATA[valid]]>
              </value>
            </param>
          </params>
          <reporter-output>
          </reporter-output>
        </test-method> <!-- dpLogin -->
        <test-method is-config="true" signature="tearDown()[pri:0, instance:testCases.TC003_DataProvideLogin@776aec5c]" started-at="2025-04-08T18:01:32 IST" name="tearDown" finished-at="2025-04-08T18:01:32 IST" duration-ms="338" status="PASS">
          <reporter-output>
          </reporter-output>
        </test-method> <!-- tearDown -->
        <test-method is-config="true" signature="setup(java.lang.String,java.lang.String)[pri:0, instance:testCases.TC003_DataProvideLogin@776aec5c]" started-at="2025-04-08T18:01:32 IST" name="setup" finished-at="2025-04-08T18:01:38 IST" duration-ms="6290" status="PASS">
          <params>
            <param index="0">
              <value>
                <![CDATA[windows]]>
              </value>
            </param>
            <param index="1">
              <value>
                <![CDATA[chrome]]>
              </value>
            </param>
          </params>
          <reporter-output>
          </reporter-output>
        </test-method> <!-- setup -->
        <test-method signature="dpLogin(java.lang.String,java.lang.String,java.lang.String)[pri:0, instance:testCases.TC003_DataProvideLogin@776aec5c]" started-at="2025-04-08T18:01:38 IST" name="dpLogin" data-provider="testdata" finished-at="2025-04-08T18:01:41 IST" duration-ms="2879" status="PASS">
          <params>
            <param index="0">
              <value>
                <![CDATA[laksh@yahoo.com]]>
              </value>
            </param>
            <param index="1">
              <value>
                <![CDATA[Lakshmi]]>
              </value>
            </param>
            <param index="2">
              <value>
                <![CDATA[valid]]>
              </value>
            </param>
          </params>
          <reporter-output>
          </reporter-output>
        </test-method> <!-- dpLogin -->
        <test-method is-config="true" signature="tearDown()[pri:0, instance:testCases.TC003_DataProvideLogin@776aec5c]" started-at="2025-04-08T18:01:41 IST" name="tearDown" finished-at="2025-04-08T18:01:42 IST" duration-ms="417" status="PASS">
          <reporter-output>
          </reporter-output>
        </test-method> <!-- tearDown -->
        <test-method is-config="true" signature="setup(java.lang.String,java.lang.String)[pri:0, instance:testCases.TC003_DataProvideLogin@776aec5c]" started-at="2025-04-08T18:01:42 IST" name="setup" finished-at="2025-04-08T18:01:48 IST" duration-ms="6696" status="PASS">
          <params>
            <param index="0">
              <value>
                <![CDATA[windows]]>
              </value>
            </param>
            <param index="1">
              <value>
                <![CDATA[chrome]]>
              </value>
            </param>
          </params>
          <reporter-output>
          </reporter-output>
        </test-method> <!-- setup -->
        <test-method signature="dpLogin(java.lang.String,java.lang.String,java.lang.String)[pri:0, instance:testCases.TC003_DataProvideLogin@776aec5c]" started-at="2025-04-08T18:01:48 IST" name="dpLogin" data-provider="testdata" finished-at="2025-04-08T18:02:00 IST" duration-ms="11175" status="PASS">
          <params>
            <param index="0">
              <value>
                <![CDATA[laks@yahoo.com]]>
              </value>
            </param>
            <param index="1">
              <value>
                <![CDATA[xyz]]>
              </value>
            </param>
            <param index="2">
              <value>
                <![CDATA[Invalid]]>
              </value>
            </param>
          </params>
          <reporter-output>
          </reporter-output>
        </test-method> <!-- dpLogin -->
        <test-method is-config="true" signature="tearDown()[pri:0, instance:testCases.TC003_DataProvideLogin@776aec5c]" started-at="2025-04-08T18:02:00 IST" name="tearDown" finished-at="2025-04-08T18:02:00 IST" duration-ms="428" status="PASS">
          <reporter-output>
          </reporter-output>
        </test-method> <!-- tearDown -->
      </class> <!-- testCases.TC003_DataProvideLogin -->
    </test> <!-- Test -->
  </suite> <!-- master -->
</testng-results>
