<?xml version="1.0" encoding="UTF-8"?>
<!-- Generated by org.testng.reporters.JUnitXMLReporter -->
<testsuite ignored="0" hostname="USHYDGOPRAVE01" failures="3" tests="4" name="Test" time="60.761" errors="0" timestamp="2025-04-08T13:14:20 IST">
  <testcase classname="testCases.TC003_DataProvideLogin" name="dpLogin" time="10.94">
    <failure type="java.lang.AssertionError" message="expected [true] but found [false]">
      <![CDATA[java.lang.AssertionError: expected [true] but found [false]
at testCases.TC003_DataProvideLogin.dpLogin(TC003_DataProvideLogin.java:54)
at java.base/java.util.ArrayList.forEach(ArrayList.java:1511)
... Removed 31 stack frames]]>
    </failure>
  </testcase> <!-- dpLogin -->
  <testcase classname="testCases.TC003_DataProvideLogin" name="dpLogin" time="2.491">
    <failure type="java.lang.AssertionError" message="expected [true] but found [false]">
      <![CDATA[java.lang.AssertionError: expected [true] but found [false]
at testCases.TC003_DataProvideLogin.dpLogin(TC003_DataProvideLogin.java:64)
at java.base/java.util.ArrayList.forEach(ArrayList.java:1511)
... Removed 31 stack frames]]>
    </failure>
  </testcase> <!-- dpLogin -->
  <testcase classname="testCases.TC003_DataProvideLogin" name="dpLogin" time="2.879">
    <failure type="java.lang.AssertionError" message="expected [true] but found [false]">
      <![CDATA[java.lang.AssertionError: expected [true] but found [false]
at testCases.TC003_DataProvideLogin.dpLogin(TC003_DataProvideLogin.java:64)
at java.base/java.util.ArrayList.forEach(ArrayList.java:1511)
... Removed 31 stack frames]]>
    </failure>
  </testcase> <!-- dpLogin -->
  <testcase classname="testCases.TC003_DataProvideLogin" name="dpLogin" time="11.766"/>
</testsuite> <!-- Test -->
