<?xml version="1.0" encoding="UTF-8"?>
<!-- Generated by org.testng.reporters.JUnitXMLReporter -->
<testsuite ignored="0" hostname="USHYDGOPRAVE01" failures="3" tests="7" name="Test" time="74.485" errors="0" timestamp="2025-04-07T12:58:01 IST">
  <testcase classname="testCases.TC004_Add_Iteeam_To_Cart" name="searchProduct" time="6.987"/>
  <testcase classname="testCases.TC001_AccountRegistaration" name="Registration" time="2.66"/>
  <testcase classname="testCases.TC002_Login" name="loginTest" time="7.399"/>
  <testcase classname="testCases.TC003_DataProvideLogin" name="dpLogin" time="11.422">
    <failure type="java.lang.AssertionError" message="expected [true] but found [false]">
      <![CDATA[java.lang.AssertionError: expected [true] but found [false]
at testCases.TC003_DataProvideLogin.dpLogin(TC003_DataProvideLogin.java:48)
at java.base/java.util.ArrayList.forEach(ArrayList.java:1511)
... Removed 31 stack frames]]>
    </failure>
  </testcase> <!-- dpLogin -->
  <testcase classname="testCases.TC003_DataProvideLogin" name="dpLogin" time="2.699">
    <failure type="java.lang.AssertionError" message="expected [true] but found [false]">
      <![CDATA[java.lang.AssertionError: expected [true] but found [false]
at testCases.TC003_DataProvideLogin.dpLogin(TC003_DataProvideLogin.java:58)
at java.base/java.util.ArrayList.forEach(ArrayList.java:1511)
... Removed 31 stack frames]]>
    </failure>
  </testcase> <!-- dpLogin -->
  <testcase classname="testCases.TC003_DataProvideLogin" name="dpLogin" time="2.24">
    <failure type="java.lang.AssertionError" message="expected [true] but found [false]">
      <![CDATA[java.lang.AssertionError: expected [true] but found [false]
at testCases.TC003_DataProvideLogin.dpLogin(TC003_DataProvideLogin.java:58)
at java.base/java.util.ArrayList.forEach(ArrayList.java:1511)
... Removed 31 stack frames]]>
    </failure>
  </testcase> <!-- dpLogin -->
  <testcase classname="testCases.TC003_DataProvideLogin" name="dpLogin" time="10.733"/>
</testsuite> <!-- Test -->
